[    0.000000] Linux version 4.15.0-42-generic (buildd@lgw01-amd64-023) (gcc version 7.3.0(Untu 7.3.0-16ubuntu3)) #45-Ubuntu SMP Thu Nov 15 19:32:57 UTC 2018 (Ubuntu 4.15.0-42.45-generic 4.15.18)
[    0.000000] Command line: BOOT_IMAGE=/boot/vmlinuz-4.15.0-42-generic root=LABEL=cloudimg-rootfs ro console=tty1 console=ttyS0
[    0.000000] KERNEL supported cpus:
[    0.000000]   Intel GenuineIntel
[    0.000000]   AMD AuthenticAMD
[    0.000000]   Centaur CentaurHauls
[    0.000000] x86/fpu: Supporting XSAVE feature 0x001: 'x87 floating point registers'
[    0.000000] x86/fpu: Supporting XSAVE feature 0x002: 'SSE registers'
[    0.000000] x86/fpu: Supporting XSAVE feature 0x004: 'AVX registers'
[    0.000000] x86/fpu: xstate_offset[2]:  576, xstate_sizes[2]:  256
[    0.000000] x86/fpu: Enabled xstate features 0x7, context size is 832 bytes, using 'standard' format.
[    0.000000] e820: BIOS-provided physical RAM map:
[    0.000000] BIOS-e820: [mem 0x0000000000000000-0x000000000009fbff] usable
[    0.000000] BIOS-e820: [mem 0x000000000009fc00-0x000000000009ffff] reserved
[    0.000000] BIOS-e820: [mem 0x00000000000f0000-0x00000000000fffff] reserved
[    0.000000] BIOS-e820: [mem 0x0000000000100000-0x000000003ffeffff] usable
[    0.000000] BIOS-e820: [mem 0x000000003fff0000-0x000000003fffffff] ACPI data
[    0.000000] BIOS-e820: [mem 0x00000000fec00000-0x00000000fec00fff] reserved
[    0.000000] BIOS-e820: [mem 0x00000000fee00000-0x00000000fee00fff] reserved
[    0.000000] BIOS-e820: [mem 0x00000000fffc0000-0x00000000ffffffff] reserved
[    0.000000] NX (Execute Disable) protection: active
[    0.000000] SMBIOS 2.5 present.
[    0.000000] DMI: innotek GmbH VirtualBox/VirtualBox, BIOS VirtualBox 12/01/2006
[    0.000000] Hypervisor detected: KVM
[    0.000000] e820: last_pfn = 0x3fff0 max_arch_pfn = 0x400000000
[    0.000000] MTRR: Disabled
[    0.000000] x86/PAT: MTRRs disabled, skipping PAT initialization too.
[    0.000000] CPU MTRRs all blank - virtualized system.
[    0.000000] x86/PAT: Configuration [0-7]: WB  WT  UC- UC  WB  WT  UC- UC  
[    0.000000] found SMP MP-table at [mem 0x0009fff0-0x0009ffff] mapped at [        (ptrval)]
[    0.000000] Scanning 1 areas for low memory corruption
[    0.000000] RAMDISK: [mem 0x35ae5000-0x36d69fff]
[    0.000000] ACPI: Early table checksum verification disabled
[    0.000000] ACPI: RSDP 0x00000000000E0000 000024 (v02 VBOX  )
[    0.000000] ACPI: XSDT 0x000000003FFF0030 00003C (v01 VBOX   VBOXXSDT 00000001 ASL  00000061)
[    0.000000] ACPI: FACP 0x000000003FFF00F0 0000F4 (v04 VBOX   VBOXFACP 00000001 ASL  00000061)
[    0.000000] ACPI: DSDT 0x000000003FFF0470 0021FF (v02 VBOX   VBOXBIOS 00000002 INTL 20181003)
    0.000000] ACPI: FACS 0x000000003FFF0200 000040
[    0.000000] ACPI: FACS 0x000000003FFF0200 000040
[    0.000000] ACPI: APIC 0x000000003FFF0240 00005C (v02 VBOX   VBOXAPIC 00000001 ASL  00000061)
[    0.000000] ACPI: SSDT 0x000000003FFF02A0 0001CC (v01 VBOX   VBOXCPUT 00000002 INTL 20181003)
[    0.000000] No NUMA configuration found
[    0.000000] Faking a node at [mem 0x0000000000000000-0x000000003ffeffff]
[    0.000000] NODE_DATA(0) allocated [mem 0x3ffc5000-0x3ffeffff]
[    0.000000] kvm-clock: cpu 0, msr 0:3ff44001, primary cpu clock
[    0.000000] kvm-clock: Using msrs 4b564d01 and 4b564d00
[    0.000000] kvm-clock: using sched offset of 3476681668 cycles
[    0.000000] clocksource: kvm-clock: mask: 0xffffffffffffffff max_cycles: 0x1cd42e4dffb, max_idle_ns: 881590591483 ns
[    0.000000] Zone ranges:
[    0.000000]   DMA      [mem 0x0000000000001000-0x0000000000ffffff]
[    0.000000]   DMA32    [mem 0x0000000001000000-0x000000003ffeffff]
[    0.000000]   Normal   empty
[    0.000000]   Device   empty
[    0.000000] Movable zone start for each node
[    0.000000] Early memory node ranges
[    0.000000]   node   0: [mem 0x0000000000001000-0x000000000009efff]
[    0.000000]   node   0: [mem 0x0000000000100000-0x000000003ffeffff]
[    0.000000] Initmem setup node 0 [mem 0x0000000000001000-0x000000003ffeffff]
[    0.000000] Reserved but unavailable: 98 pages
[    0.000000] ACPI: PM-Timer IO Port: 0x4008
[    0.000000] IOAPIC[0]: apic_id 2, version 32, address 0xfec00000, GSI 0-23
[    0.000000] ACPI: INT_SRC_OVR (bus 0 bus_irq 0 global_irq 2 dfl dfl)
[    0.000000] ACPI: INT_SRC_OVR (bus 0 bus_irq 9 global_irq 9 low level)
[    0.000000] Using ACPI (MADT) for SMP configuration information
[    0.000000] smpboot: Allowing 2 CPUs, 0 hotplug CPUs
[    0.000000] PM: Registered nosave memory: [mem 0x00000000-0x00000fff]
[    0.000000] PM: Registered nosave memory: [mem 0x0009f000-0x0009ffff]
[    0.000000] PM: Registered nosave memory: [mem 0x000a0000-0x000effff]
[    0.000000] PM: Registered nosave memory: [mem 0x000f0000-0x000fffff]
[    0.000000] e820: [mem 0x40000000-0xfebfffff] available for PCI devices
[    0.000000] Booting paravirtualized kernel on KVM
[    0.000000] clocksource: refined-jiffies: mask: 0xffffffff max_cycles: 0xffffffff, max_idle_ns: 7645519600211568 ns
[    0.000000] random: get_random_bytes called from start_kernel+0x99/0x4fd with crng_init=0
[    0.000000] setup_percpu: NR_CPUS:8192 nr_cpumask_bits:2 nr_cpu_ids:2 nr_node_ids:1
[    0.000000] percpu: Embedded 46 pages/cpu @        (ptrval) s151552 r8192 d28672 u1048576
[    0.000000] PV qspinlock hash table entries: 256 (order: 0, 4096 bytes)
[    0.000000] Built 1 zonelists, mobility grouping on.  Total pages: 257913
[    0.000000] Policy zone: DMA32
[    0.000000] Kernel command line: BOOT_IMAGE=/boot/vmlinuz-4.15.0-42-generic root=LABEL=cloudimg-rootfs ro console=tty1 console=ttyS0
[    0.000000] Memory: 983620K/1048120K available (12300K kernel code, 2472K rdata, 4252K rodata, 2408K init, 2416K bss, 64500K reserved, 0K ma-reserved)
[    0.000000] SLUB: HWalign=64, Order=0-3, MinObjects=0, CPUs=2, Nodes=1
[    0.000000] Kernel/User page tables isolation: enabled
[    0.000000] ftrace: allocating 39186 entries in 14 pages
[    0.004000] Hierarchical RCU implementation.
[    0.004000] 	RCU restricting CPUs from NR_CPUS=8192 to nr_cpu_ids=2.
[    0.004000] 	Tasks RCU enabled.
[    0.004000] RCU: Adjusting geometry for rcu_fanout_leaf=16, nr_cpu_ids=2
[    0.004000] NR_IRQS: 524544, nr_irqs: 440, preallocated irqs: 16
[    0.004000] Console: colour VGA+ 80x25
[    0.004000] console [tty1] enabled
[    0.004000] console [ttyS0] enabled
[    0.004000] ACPI: Core revision 20170831
[    0.004000] ACPI: 2 ACPI AML tables successfully acquired and loaded
[    0.004000] APIC: Switch to symmetric I/O mode setup
[    0.004244] x2apic enabled
[    0.004929] Switched APIC routing to physical x2apic.
[    0.009488] ..TIMER: vector=0x30 apic1=0 pin1=2 apic2=-1 pin2=-1
[    0.012006] tsc: Detected 2711.996 MHz processor
[    0.012625] Calibrating delay loop (skipped) preset value.. 5423.99 BogoMIPS (lpj=10847984)
[    0.013103] pid_max: default: 32768 minimum: 301
[    0.016050] Security Framework initialized
[    0.020008] Yama: becoming mindful.
[    0.024051] AppArmor: AppArmor initialized
[    0.025760] Dentry cache hash table entries: 131072 (order: 8, 1048576 bytes)
[    0.028097] Inode-cache hash table entries: 65536 (order: 7, 524288 bytes)
[    0.029289] Mount-cache hash table entries: 2048 (order: 2, 16384 bytes)
[    0.030475] Mountpoint-cache hash table entries: 2048 (order: 2, 16384 bytes)
[    0.032011] mce: CPU supports 0 MCE banks
[    0.032778] Last level iTLB entries: 4KB 64, 2MB 8, 4MB 8
[    0.036069] Last level dTLB entries: 4KB 64, 2MB 0, 4MB 0, 1GB 4
[    0.040008] Spectre V2 : Mitigation: Full generic retpoline
[    0.044028] Spectre V2 : Spectre v2 / SpectreRSB mitigation: Filling RSB on context switch
[    0.048023] Speculative Store Bypass: Vulnerable
[    0.052160] Freeing SMP alternatives memory: 36K
[    0.056000] smpboot: CPU0: Intel(R) Core(TM) i5-7200U CPU @ 2.50GHz (family: 0x6, model: 0x8e, stepping: 0x9)
[    0.056079] Performance Events: unsupported p6 CPU model 142 no PMU driver, software events only.
[    0.057449] Hierarchical SRCU implementation.
[    0.060785] NMI watchdog: Perf event create on CPU 0 failed with -2
[    0.061986] NMI watchdog: Perf NMI watchdog permanently disabled
[    0.064091] smp: Bringing up secondary CPUs ...
[    0.065769] x86: Booting SMP configuration:
[    0.068017] .... node  #0, CPUs:      #1
[    0.004000] kvm-clock: cpu 1, msr 0:3ff44041, secondary cpu clock
[    0.004000] mce: CPU supports 0 MCE banks
[    0.168027] smp: Brought up 1 node, 2 CPUs
[    0.172013] smpboot: Max logical packages: 1
[    0.176011] smpboot: Total of 2 processors activated (10847.98 BogoMIPS)
[    0.181202] devtmpfs: initialized
[    0.184080] x86/mm: Memory block size: 128MB
[    0.185981] evm: security.selinux
[    0.188006] evm: security.SMACK64
[    0.189263] evm: security.SMACK64EXEC
[    0.190715] evm: security.SMACK64TRANSMUTE
[    0.192006] evm: security.SMACK64MMAP
[    0.192748] evm: security.apparmor
[    0.193385] evm: security.ima
[    0.193941] evm: security.capability
[    0.194706] clocksource: jiffies: mask: 0xffffffff max_cycles: 0xffffffff, max_idle_ns: 7645041785100000 ns
[    0.196046] futex hash table entries: 512 (order: 3, 32768 bytes)
[    0.200092] pinctrl core: initialized pinctrl subsystem
[    0.201793] RTC time: 17:49:24, date: 01/16/19
[    0.202842] NET: Registered protocol family 16
[    0.204147] audit: initializing netlink subsys (disabled)
[    0.205152] audit: type=2000 audit(1547660968.916:1): state=initialized audit_enabled=0 res=1
[    0.208017] cpuidle: using governor ladder
[    0.209307] cpuidle: using governor menu
[    0.212069] ACPI: bus type PCI registered
[    0.216006] acpiphp: ACPI Hot Plug PCI Controller Driver version: 0.5
[    0.217034] PCI: Using configuration type 1 for base access
[    0.217839] HugeTLB registered 2.00 MiB page size, pre-allocated 0 pages
[    0.220094] ACPI: Added _OSI(Module Device)
[    0.224040] ACPI: Added _OSI(Processor Device)
[    0.228010] ACPI: Added _OSI(3.0 _SCP Extensions)
[    0.228908] ACPI: Added _OSI(Processor Aggregator Device)
[    0.229916] ACPI: Added _OSI(Linux-Dell-Video)
[    0.232010] ACPI: Added _OSI(Linux-Lenovo-NV-HDMI-Audio)
[    0.236265] ACPI: Executed 1 blocks of module-level executable AML code
[    0.244399] ACPI: Interpreter enabled
[    0.248041] ACPI: (supports S0 S5)
[    0.248732] ACPI: Using IOAPIC for interrupt routing
[    0.250127] PCI: Using host bridge windows from ACPI; if necessary, use "pci=nocrs" and report a bug
[    0.252183] ACPI: Enabled 2 GPEs in block 00 to 07
[    0.261883] ACPI: PCI Root Bridge [PCI0] (domain 0000 [bus 00-ff])
[    0.264020] acpi PNP0A03:00: _OSC: OS supports [ASPM ClockPM Segments MSI]
[    0.265330] acpi PNP0A03:00: _OSC: not requesting OS control; OS requires [ExtendedConfig ASPM ClockPM MSI]
[    0.267301] acpi PNP0A03:00: fail to add MMCONFIG information, can't access extended PCI configuration space under this bridge.
[    0.268462] PCI host bridge to bus 0000:00
[    0.272061] pci_bus 0000:00: root bus resource [io  0x0000-0x0cf7 window]
[    0.276010] pci_bus 0000:00: root bus resource [io  0x0d00-0xffff window]
[    0.280009] pci_bus 0000:00: root bus resource [mem 0x000a0000-0x000bffff window]
[    0.281230] pci_bus 0000:00: root bus resource [mem 0x40000000-0xfdffffff window]
[    0.282458] pci_bus 0000:00: root bus resource [bus 00-ff]
[    0.285602] pci 0000:00:01.1: legacy IDE quirk: reg 0x10: [io  0x01f0-0x01f7]
[    0.288012] pci 0000:00:01.1: legacy IDE quirk: reg 0x14: [io  0x03f6]
[    0.292011] pci 0000:00:01.1: legacy IDE quirk: reg 0x18: [io  0x0170-0x0177]
[    0.293342] pci 0000:00:01.1: legacy IDE quirk: reg 0x1c: [io  0x0376]
[    0.336949] pci 0000:00:07.0: quirk: [io  0x4000-0x403f] claimed by PIIX4 ACPI
[    0.340031] pci 0000:00:07.0: quirk: [io  0x4100-0x410f] claimed by PIIX4 SMB
[    0.370343] ACPI: PCI Interrupt Link [LNKA] (IRQs 5 9 10 *11)
[    0.372318] ACPI: PCI Interrupt Link [LNKB] (IRQs 5 9 *10 11)
[    0.374874] ACPI: PCI Interrupt Link [LNKC] (IRQs 5 *9 10 11)
[    0.376195] ACPI: PCI Interrupt Link [LNKD] (IRQs 5 9 10 *11)
[    0.377828] SCSI subsystem initialized
[    0.380097] pci 0000:00:02.0: vgaarb: setting as boot VGA device
[    0.381029] pci 0000:00:02.0: vgaarb: VGA device added: decodes=io+mem,owns=io+mem,locks=none
[    0.382383] pci 0000:00:02.0: vgaarb: bridge control possible
[    0.383293] vgaarb: loaded
[    0.384062] ACPI: bus type USB registered
[    0.384750] usbcore: registered new interface driver usbfs
[    0.385662] usbcore: registered new interface driver hub
[    0.386542] usbcore: registered new device driver usb
[    0.387449] EDAC MC: Ver: 3.0.0
[    0.388243] PCI: Using ACPI for IRQ routing
[    0.392382] NetLabel: Initializing
[    0.393130] NetLabel:  domain hash size = 128
[    0.396005] NetLabel:  protocols = UNLABELED CIPSOv4 CALIPSO
[    0.397014] NetLabel:  unlabeled traffic allowed by default
[    0.397973] clocksource: Switched to clocksource kvm-clock
[    0.418976] VFS: Disk quotas dquot_6.6.0
[    0.420978] VFS: Dquot-cache hash table entries: 512 (order 0, 4096 bytes)
[    0.422009] AppArmor: AppArmor Filesystem Enabled
[    0.422683] pnp: PnP ACPI init
[    0.423999] pnp: PnP ACPI: found 3 devices
[   0.433652] clocksource: acpi_pm: mask: 0xffffff max_cycles: 0xffffff, max_idle_ns: 2085701024 ns
[    0.469055] NET: Registered protocol family 2
[    0.470987] TCP established hash table entries: 8192 (order: 4, 65536 bytes)
[    0.472470] TCP bind hash table entries: 8192 (order: 5, 131072 bytes)
[    0.474738] TCP: Hash tables configured (established 8192 bind 8192)
[    0.475957] UDP hash table entries: 512 (order: 2, 16384 bytes)
[    0.477075] UDP-Lite hash table entries: 512 (order: 2, 16384 bytes)
[    0.478409] NET: egistered protocol faily 1
[    0.531503] pci 0000:00:00.0: Limiting direcPCI/PCI transfers
[    0.579116] pci 0000:00:01.0: Acivating ISA DMA hang workarounds
[    0.606148] pci 0000:00:02.0: Video device with shadowed ROM at [mem 0x000c0000-0x000dffff]
[    0.607365] Unpacking initramfs...

[    0.891679] Freeing initrd memory: 18964K
[    0.900985] platform rtc_cmos: registered platform RTC device (no PNP device found)
[    0.902293] Scanning for low memory corruption every 60 seconds
[    0.903863] Initialise system trusted keyrings
[    0.910320] Key type blacklist registered
[    0.911296] workingset: timestamp_bits=36 max_order=18 bucket_order=0
[    0.914685] zbud: loaded
[    0.917465] squashfs: version 4.0 (2009/01/31) Phillip Lougher
[    0.924196] fuse init (API version 7.26)
[    0.927354] Key type asymmetric registered
[    0.928953] Asymmetric key parser 'x509' registered
[    0.933207] Block layer SCSI generic (bsg) driver version 0.4 loaded (major 246)
[    0.934753] io scheduler noop registered
[    0.935539] io scheduler deadline registered
[    0.936452] io scheduler cfq registered (default)
[    0.943052] ACPI: AC Adapter [AC] (on-line)
[    0.945709] input: Power Button as /devices/LNXSYSTM:00/LNXPWRBN:00/input/input0
[   0.960058] ACPI: Power Button [PWRF]
[    0.989602] input: Sleep Button as /devices/LNXSYSTM:00/LNXSLPBN:00/input/input1
[    0.991021] ACPI: Sleep Button [SLPF]

[    0.993357] ACPI: Battery Slot [BAT0] (battery present)
[    0.994458] Serial: 8250/16550 driver, 32 ports, IRQ sharing enabled
[    1.018857] 00:02: ttyS0 at I/O 0x3f8 (irq = 4, base_baud = 115200) is a 16550A
[    1.023215] Linux agpgart interface v0.103
[    1.026388] loop: module loaded
[    1.029282] scsi host0: ata_piix
[    1.029921] scsi host1: ata_piix
[    1.030432] ata1: PATA max UDMA/33 cmd 0x1f0 ctl 0x3f6 bmdma 0xd000 irq 14
[    1.031325] ata2: PATA max UDMA/33 cmd 0x170 ctl 0x376 bmdma 0xd008 irq 15
[    1.032604] libphy: Fixed MDIO Bus: probed
[    1.033249] tun: Universal TUN/TAP device driver, 1.6
[    1.055743] PPP generic driver version 2.4.2
[    1.057854] ehci_hcd: USB 2.0 'Enhanced' Host Controller (EHCI) Driver
[    1.059001] ehci-pci: EHCI PCI platform driver
[    1.059698] ehci-platform: EHCI generic platform driver
[    1.065736] ohci_hcd: USB 1.1 'Open' Host Controller (OHCI) Driver
[    1.066615] ohci-pci: OHCI PCI platform driver
[    1.067353] ohci-platform: OHCI generic platform driver
[    1.068088] uhci_hcd: USB Universal Host Controller Interface driver
[    1.068993] i8042: PNP: PS/2 Controller [PNP0303:PS2K,PNP0f03:PS2M] at 0x60,0x64 irq 1,12
[    1.070611] serio: i8042 KBD port at 0x60,0x64 irq 1
[    1.071719] serio: i8042 AUX port at 0x60,0x64 irq 12
[    1.072904] mousedev: PS/2 mouse device common for all mice
[    1.075245] input: AT Translated Set 2 keyboard as /devices/platform/i8042/serio0/input/input2
[    1.077992] rtc_cmos rtc_cmos: rtc core: registered rtc_cmos as rtc0
[    1.078906] rtc_cmos rtc_cmos: alarms up to one day, 114 bytes nvram
[    1.079754] i2c /dev entries driver
[    1.080296] pcie_mp2_amd: AMD(R) PCI-E MP2 Communication Driver Version: 1.0
[    1.081292] device-mapper: uevent: version 1.0.3
[    1.082048] device-mapper: ioctl: 4.37.0-ioctl (2017-09-20) initialised: dm-devel@redhat.com
[    1.083269] ledtrig-cpu: registered to indicate activity on CPUs
[    1.084439] NET: Registered protocol family 10
[    1.089216] Segment Routing with IPv6
[    1.098462] NET: Registered protocol family 17
[    1.099470] Key type dns_resolver registered
[    1.106822] RAS: Correctable Errors collector initialized.
[    1.118620] sched_clock: Marking stable (1118563870, 0)->(2164753266, -1046189396)
[    1.121756] registered taskstats version 1
[    1.127977] Loading compiled-in X.509 certificates
[    1.148110] Loaded X.509 cert 'Build time autogenerated kernel key: 1663f0131deec003b89e364b3e1eacfdeb38eccf'
[    1.174943] zswap: loaded using pool lzo/zbud
[    1.194093] Key type big_key registered
[    1.194716] Key type trusted registered
[    1.197072] Key type encrypted registered
[    1.197892] AppArmor: AppArmor sha1 policy hashing enabled
[    1.198906] ima: No TPM chip found, activating TPM-bypass! (rc=-19)
[    1.200023] ima: Allocated hash algorithm: sha1
[    1.200943] evm: HMAC attrs: 0x1
[    1.201876]   Magic number: 3:761:845
[    1.202670] rtc_cmos rtc_cmos: setting system clock to 2019-01-16 17:49:25 UTC (1547660965)
[    1.204374] BIOS EDD facility v0.16 2004-Jun-25, 0 devices found
[    1.205578] EDD information not available.
[    1.209258] Freeing unused kernel memory: 2408K
[    1.228197] Write protecting the kernel read-only data: 20480k
[    1.229945] Freeing unused kernel memory: 2008K
[    1.233628] Freeing unused kernel memory: 1892K
[    1.294786] x86/mm: Checked W+X mappings: passed, no W+X pages found.
[    1.303387] x86/mm: Checking user space page tables
[    1.308778] x86/mm: Checked W+X mappings: passed, no W+X pages found.
Loading, please wait...
starting version 237
[    1.360931] Fusion MPT base driver 3.04.20
[    1.361685] Copyright (c) 1999-2008 LSI Corporation
[    1.373648] e1000: Intel(R) PRO/1000 Network Driver - version 7.3.21-k8-NAPI
[    1.466146] e1000: Copyright (c) 1999-2006 Intel Corporation.
[    1.473858] Fusion MPT SPI Host driver 3.04.20
[    1.480865] AVX2 version of gcm_enc/dec engaged.
[    1.482788] AES CTR mode by8 optimization enabled
[    1.682487] input: ImExPS/2 Generic Explorer Mouse as /devices/platform/i8042/serio1/input/input4
[    1.835513] e1000 0000:00:03.0 eth0: (PCI:33MHz:32-bit) 02:b3:4a:7a:21:f1
[    1.840750] e1000 0000:00:03.0 eth0: Intel(R) PRO/1000 Network Connection
[    1.843017] mptbase: ioc0: Initiating bringup
[    1.916339] tsc: Refined TSC clocksource calibration: 2712.487 MHz
[    1.918112] clocksource: tsc: mask: 0xffffffffffffffff max_cycles: 0x271952a8e2c, max_idle_ns: 440795285807 ns
[    1.936304] ioc0: LSI53C1030 A0: Capabilities={Initiator}
[    2.181343] scsi host2: ioc0: LSI53C1030 A0, FwRev=00000000h, Ports=1, MaxQ=256, IRQ=20
[    2.356062] scsi 2:0:0:0: Direct-Access     VBOX     HARDDISK         1.0  PQ: 0 ANSI: 5
[    2.388100] scsi target2:0:0: Beginning Domain Validation
[    2.447345] scsi target2:0:0: Domain Validation skipping write tests
[    2.449988] scsi target2:0:0: Ending Domain Validation
[    2.462364] scsi target2:0:0: asynchronous
[    2.468615] scsi 2:0:1:0: Direct-Access     VBOX     HARDDISK         1.0  PQ: 0 ANSI: 5
[    2.740183] scsi target2:0:1: Beginning Domain Validation
[    2.748371] random: fast init done
[    2.750517] scsi target2:0:1: Domain Validation skipping write tests
[    2.753137] scsi target2:0:1: Ending Domain Validation
[    2.758903] scsi target2:0:1: asynchronous
[    2.771628] random: systemd-udevd: uninitialized urandom read (16 bytes read)
[    2.780512] sd 2:0:0:0: Attached scsi generic sg0 type 0
[    2.780781] sd 2:0:1:0: Attached scsi generic sg1 type 0
[    2.790892] random: systemd-udevd: uninitialized urandom read (16 bytes read)
[    2.804856] random: systemd-udevd: uninitialized urandom read (16 bytes read)
[    2.812152] sd 2:0:0:0: [sda] 20971520 512-byte logical blocks: (10.7 GB/10.0 GiB)
[    2.818263] sd 2:0:1:0: [sdb] 20480 512-byte logical blocks: (10.5 MB/10.0 MiB)
[    2.826019] sd 2:0:0:0: [sda] Write Protect is off
[    2.828112] sd 2:0:0:0: [sda] Incomplete mode parameter data
[    2.830864] sd 2:0:0:0: [sda] Assuming drive cache: write through
[    2.832467] e1000 0000:00:08.0 eth1: (PCI:33MHz:32-bit) 08:00:27:8b:f1:f0
[    2.832470] e1000 0000:00:08.0 eth1: Intel(R) PRO/1000 Network Connection
[    2.846837] e1000 0000:00:03.0 enp0s3: renamed from eth0
[    2.848064] sd 2:0:1:0: [sdb] Write Protect is off
[    2.859643] sd 2:0:1:0: [sdb] Incomplete mode parameter data
[    2.863388] sd 2:0:1:0: [sdb] Assuming drive cache: write through
[    2.868875]  sda: sda1
[    2.869605] sd 2:0:0:0: [sda] Attached SCSI disk
[    2.878424] e1000 0000:00:08.0 enp0s8: renamed from eth1
[    2.885732] sd 2:0:1:0: [sdb] Attached SCSI disk
Begin: Loading essential drivers ... [    4.452069] raid6: sse2x1   gen()  8655 MB/s
[    4.500046] raid6: sse2x1   xor()  6148 MB/s
[    4.548123] raid6: sse2x2   gen()  7498 MB/s
[    4.600069] raid6: sse2x2   xor()  5191 MB/s
[    4.656161] raid6: sse2x4   gen() 12988 MB/s
[    4.708117] raid6: sse2x4   xor()  7012 MB/s
[    4.760131] raid6: avx2x1   gen() 17614 MB/s
[    4.808059] raid6: avx2x1   xor() 12586 MB/s
[    4.856187] raid6: avx2x2   gen() 20293 MB/s
[    4.904266] raid6: avx2x2   xor() 13539 MB/s
[    4.956186] raid6: avx2x4   gen() 20202 MB/s
[    5.008147] raid6: avx2x4   xor() 11660 MB/s
[    5.009224] raid6: using algorithm avx2x2 gen() 20293 MB/s
[    5.011540] raid6: .... xor() 13539 MB/s, rmw enabled
[    5.016057] raid6: using avx2x2 recovery algorithm
[    5.019986] xor: automatically using best checksumming function   avx       
[    5.027100] async_tx: api initialized (async)
done.
Begin: Running /scripts/init-premount ... done.
Begin: Mounting root file system ... Begin: Running /scripts/local-top ... done.
Begin: Running /scripts/local-premount ... [    5.101782] Btrfs loaded, crc32c=crc32c-intel
Scanning for Btrfs filesystems
done.
Warning: fsck no[    5.154701] EXT4-fs (sda1): mounted filesystem with ordered data mode. Opts: (null)
t present, so skipping root file system
done.
Begin: Running /scripts/local-bottom ... done.
Begin: Running /scripts/init-bottom ... done.
[    5.396285] ip_tables: (C) 2000-2006 Netfilter Core Team
[    5.407470] systemd[1]: systemd 237 running in system mode. (+PAM +AUDIT +SELINUX +IMA +APPARMOR +SMACK +SYSVINIT +UTMP +LIBCRYPTSETUP +GCRYPT +GNUTLS +ACL +XZ +LZ4 +SECCOMP +BLKID +ELFUTILS +KMOD -IDN2 +IDN -PCRE2 default-hierarchy=hybrid)
[    6.278161] systemd[1]: Detected virtualization oracle.
[    6.284528] systemd[1]: Detected architecture x86-64.

Welcome to [1mUbuntu 18.04.1 LTS[0m!

[    6.315530] systemd[1]: Set hostname to <ubuntu>.
[    6.326037] systemd[1]: Initializing machine ID from random generator.
[    6.327446] systemd[1]: Installed transient /etc/machine-id file.
[    6.679495] systemd[1]: Created slice User and Session Slice.
[[0;32m  OK  [0m] Created slice User and Session Slice.
[    6.683562] systemd[1]: Reached target User and Group Name Lookups.
[[0;32m  OK  [0m] Reached target User and Group Name Lookups.
[    6.686209] systemd[1]: Created slice System Slice.
[[0;32m  OK  [0m] Created slice System Slice.
[    6.688107] systemd[1]: Listening on Syslog Socket.
[[0;32m  OK  [0m] Listening on Syslog Socket.
[[0;32m  OK  [0m] Listening on udev Control Socket.
[[0;32m  OK  [0m] Listening on LVM2 poll daemon socket.
[[0;32m  OK  [0m] Listening on udev Kernel Socket.
[[0;32m  OK  [0m] Listening on Journal Audit Socket.
[[0;32m  OK  [0m] Listening on Journal Socket (/dev/log).
[[0;32m  OK  [0m] Listening on /dev/initctl Compatibility Named Pipe.
[[0;32m  OK  [0m] Listening on Device-mapper event daemon FIFOs.
[[0;32m  OK  [0m] Listening on LVM2 metadata daemon socket.
[[0;32m  OK  [0m] Created slice system-serial\x2dgetty.slice.
[[0;32m  OK  [0m] Listening on Journal Socket.
         Mounting Huge Pages File System...
         Starting Create list of required st…ce nodes for the current kernel...
         Starting udev Coldplug all Devices...
         Mounting POSIX Message Queue File System...
         Starting Remount Root and Kernel File Systems...
[[0;32m  OK  [0m] Listening on Network Service Netlink Socket.
[[0;32m  OK  [0m] Reached target Slices.
[[0;32m  OK  [0m] Set up automount Arbitrary E[    6.867822] EXT4-fs (sda1): re-mounted. Opts: (null)
xecutab…rmats File System Automount Point.
[[0;32m  OK  [0m] Started Forward Password Requests to Wall Directory Watch.
         Starting Uncomplicated firewall...
         Mounting Kernel Debug File System...
         Starting Load Kernel Modules...
[[0;32m  OK  [0m] Reached target Swap.
[    6.982636] Loading iSCSI transport class v2.0-870.
[[0;32m  OK  [0m] Reached targ[    6.998429] iscsi: registered transport (tcp)
et System Time Synchronized.
         Starting Monitoring of LVM2 mirrors…ng dmeventd or progress polling...
         Starting Set the console keyboard layout...
         Starting Journal Service...
[[0;32m  OK  [0m] Mounted Huge Pages File System.
[[0;32m  OK  [0m] Started Create list of required sta…vice nodes for the current kernel.
[[0;32m  OK  [0m] Mounted POSIX Message Queue File System.
[[0;32m  OK  [0m] Started Remo[    7.078625] iscsi: registered transport (iser)
unt Root and Kernel File Systems.
[[0;32m  OK  [0m] Started Uncomplicated firewall.
[[0;32m  OK  [0m] Mounted Kernel Debug File System.
[[0;32m  OK  [0m] Started Load Kernel Modules.
[[0;32m  OK  [0m] Started Journal Service.
[[0;32m  OK  [0m] Started udev Coldplug all Devices.
[[0;32m  OK  [0m] Started LVM2 metadata daemon.
         Starting Apply Kernel Variables...
         Mounting FUSE Control File System...
         Mounting Kernel Configuration File System...
         Starting Load/Save Random Seed...
         Starting Initial cloud-init job (pre-networking)...
         Starting Flush Journal to Persistent Storage...
         Starting Create Static Device Nodes in /dev...
[[0;32m  OK  [0m] Started Monitoring of LVM2 mirrors,…sing dmeventd or progress polling.
[[0;32m  OK  [0m] Started Apply Kernel Variables.
[[0;32m  OK  [0m] Mounted FUSE Control File System.
[[0;32m  OK  [0m] Mounted Kernel Configuration File System.
[[0;32m  OK  [0m] Started Load/Save Random Seed.
[[0;32m  OK  [0m] Started Create Static Device Nodes in /dev.
         Starting udev Kernel Device Manager...
[[0;32m  OK  [0m] Started udev Kernel Device Manager.
[[0;32m  OK  [0m] Started Flush Journal to Persistent Storage.
[[0;32m  OK  [0m] Found device /dev/ttyS0.
[[0;32m  OK  [0m] Listening on Load/Save RF Kill Switch Status /dev/rfkill Watch.
[[0;32m  OK  [0m] Started Set the console keyboard layout.
[[0;32m  OK  [0m] Reached target Local File Systems (Pre).
[[0;32m  OK  [0m] Reached target Local File Systems.
         Starting Create Volatile Files and Directories...
         Starting ebtables ruleset management...
         Starting AppArmor initialization...
         Starting Tell Plymouth To Write Out Runtime Data...
         Starting Commit a transient machine-id on disk...
         Starting Set console font and keymap...
[[0;32m  OK  [0m] Started Dispatch Password Requests to Console Directory Watch.
[[0;32m  OK  [0m] Reached target Local Encrypted Volumes.
[[0;32m  OK  [0m] Started Create Volatile Files and Directories.
[[0;32m  OK  [0m] Started Tell Plymouth To Write Out Runtime Data.
[[0;32m  OK  [0m] Started Commit a transient machine-id on disk.
[[0;32m  OK  [0m] Started Set console font and keymap.
         Starting Update UTMP about System Boot/Shutdown...
[[0;32m  OK  [0m] Started Update UTMP about System Boot/Shutdown.
[[0;32m  OK  [0m] Started ebtables ruleset management.
[    9.225117] cloud-init[424]: Cloud-init v. 18.4-0ubuntu1~18.04.1 running 'init-local' at Wed, 16 Jan 2019 17:49:32 +0000. Up 8.69 seconds.
[[0;32m  OK  [0m] Started Initial cloud-init job (pre-networking).
[[0;32m  OK  [0m] Reached target Network (Pre).
         Starting Network Service...
[[0;32m  OK  [0m] Started Network Service.
         Starting Wait for Network to be Configured...
         Starting Network Name Resolution...
[[0;32m  OK  [0m] Started Network Name Resolution.
[[0;32m  OK  [0m] Reached target Network.
[[0;32m  OK  [0m] Reached target Host and Network Name Lookups.
[[0;32m  OK  [0m] Started AppArmor initialization.
[[0;32m  OK  [0m] Started Wait for Network to be Configured.
         Starting Initial cloud-init job (metadata service crawler)...
[   11.615634] cloud-init[764]: Cloud-init v. 18.4-0ubuntu1~18.04.1 running 'init' at Wed, 16 Jan 2019 17:49:35 +0000. Up 11.45 seconds.
[   11.633207] cloud-init[764]: ci-info: ++++++++++++++++++++++++++++++++++++++Net device info+++++++++++++++++++++++++++++++++++++++
[   11.645022] cloud-init[764]: ci-info: +--------+-------+----------------------------+---------------+--------+-------------------+
[   11.674417] cloud-init[764]: ci-info: | Device |   Up  |          Address           |      Mask     | Scope  |     Hw-Address    |
[   11.675881] cloud-init[764]: ci-info: +--------+-------+----------------------------+---------------+--------+-------------------+
[   11.715781] cloud-init[764]: ci-info: | enp0s3 |  True |         10.0.2.15          | 255.255.255.0 | global | 02:b3:4a:7a:21:f1 |
[   11.733336] cloud-init[764]: ci-info: | enp0s3 |  True | fe80::b3:4aff:fe7a:21f1/64 |       .       |  link  | 02:b3:4a:7a:21:f1 |
[   11.800342] cloud-init[764]: ci-info: | enp0s8 | False |             .              |       .       |   .    | 08:00:27:8b:f1:f0 |
[   11.822515] cloud-init[764]: ci-info: |   lo   |  True |         127.0.0.1          |   255.0.0.0   |  host  |         .         |
[   11.848372] cloud-init[764]: ci-info: |   lo   |  True |          ::1/128           |       .       |  host  |         .         |
[   11.849887] cloud-init[764]: ci-info: +--------+-------+----------------------------+---------------+--------+-------------------+
[   11.870090] cloud-init[764]: ci-info: ++++++++++++++++++++++++++++Route IPv4 info+++++++++++++++++++++++++++++
[   11.871456] cloud-init[764]: ci-info: +-------+-------------+----------+-----------------+-----------+-------+
[   11.893862] cloud-init[764]: ci-info: | Route | Destination | Gateway  |     Genmask     | Interface | Flags |
[   11.906804] cloud-init[764]: ci-info: +-------+-------------+----------+-----------------+-----------+-------+
[   11.932354] cloud-init[764]: ci-info: |   0   |   0.0.0.0   | 10.0.2.2 |     0.0.0.0     |   enp0s3  |   UG  |
[   11.948739] cloud-init[764]: ci-info: |   1   |   10.0.2.0  | 0.0.0.0  |  255.255.255.0  |   enp0s3  |   U   |
[   11.987750] cloud-init[764]: ci-info: |   2   |   10.0.2.2  | 0.0.0.0  | 255.255.255.255 |   enp0s3  |   UH  |
[   12.031736] cloud-init[764]: ci-info: +-------+-------------+----------+-----------------+-----------+-------+
[   12.048745] cloud-init[764]: ci-info: +++++++++++++++++++Route IPv6 info+++++++++++++++++++
[   12.062874] cloud-init[764]: ci-info: +-------+-------------+---------+-----------+-------+
[   12.074998] cloud-init[764]: ci-info: | Route | Destination | Gateway | Interface | Flags |
[   12.078724] cloud-init[764]: ci-info: +-------+-------------+---------+-----------+-------+
[   12.081628] cloud-init[764]: ci-info: |   1   |  fe80::/64  |    ::   |   enp0s3  |   U   |
[   12.083427] cloud-init[764]: ci-info: |   3   |    local    |    ::   |   enp0s3  |   U   |
[   12.085222] cloud-init[764]: ci-info: |   4   |   ff00::/8  |    ::   |   enp0s3  |   U   |
[   12.108902] cloud-init[764]: ci-info: +-------+-------------+---------+-----------+-------+
[   12.691058] cloud-init[764]: Generating public/private rsa key pair.
[   12.692682] cloud-init[764]: Your identification has been saved in /etc/ssh/ssh_host_rsa_key.
[   12.710428] cloud-init[764]: Your public key has been saved in /etc/ssh/ssh_host_rsa_key.pub.
[   12.712230] cloud-init[764]: The key fingerprint is:
[   12.713548] cloud-init[764]: SHA256:AOfpu64kilLKSWEadmaWuGA+pw7ygex/loJGdBcOvqg root@ubuntu-bionic
[   12.715219] cloud-init[764]: The key's randomart image is:
[[0;32m  OK  [0m] Started Initial cloud-init job (metadata service crawler).
[[0;32m  OK  [0m] Reached target Network is Online.
[   12.778113] cloud-init[764]: +---[RSA 2048]----+
[   12.812144] cloud-init[764]: |    . .          |
[   12.819531] cloud-init[764]: |   . = .         |
[   12.824360] cloud-init[764]: |  o + =          |
[   12.824461] cloud-init[764]: |oB O + .         |
[   12.824518] cloud-init[764]: |O.X o . S        |
[   12.824571] cloud-init[764]: |oO.o   .         |
[   12.824625] cloud-init[764]: |O+O . o          |
[   12.824672] cloud-init[764]: |EO = + .         |
[   12.824722] cloud-init[764]: |*oo.=oo          |
[   12.824775] cloud-init[764]: +----[SHA256]-----+
[   12.824821] cloud-init[764]: Generating public/private dsa key pair.
[   12.824881] cloud-init[764]: Your identification has been saved in /etc/ssh/ssh_host_dsa_key.
[   12.824933] cloud-init[764]: Your public key has been saved in /etc/ssh/ssh_host_dsa_key.pub.
[   12.824991] cloud-init[764]: The key fingerprint is:
[   12.825044] cloud-init[764]: SHA256:SmVb6+O29kxj4198j389p1TvBwLKdWlMlWXYgKuLGA0 root@ubuntu-bionic
[   12.825104] cloud-init[764]: The key's randomart image is:
[   12.825152] cloud-init[764]: +---[DSA 1024]----+
[   12.825205] cloud-init[764]: |             oo*o|
[   12.825291] cloud-init[764]: |            o o..|
[   12.825351] cloud-init[764]: |        o .o o   |
[   12.825402] cloud-init[764]: |      Eo oo.*    |
[   12.825451] cloud-init[764]: |      .+So.=    .|
[   12.825501] cloud-init[764]: |     ...+.. . .o.|
         Starting Availability of block devices...
[[   12.826960] cloud-init[764]: |      .o .o.=...*|
[0;32m  OK  [0m] [   12.879739] cloud-init[764]: |      . ..+* + =B|
Reached target Remote File Systems (Pre).
[   12.880173] cloud-init[764]: |         ooo+.+oO|
[[0;32m  OK  [0m[   12.888979] cloud-init[764]: +----[SHA256]-----+
[   12.889523] cloud-init[764]: Generating public/private ecdsa key pair.
] [   12.890791] cloud-init[764]: Your identification has been saved in /etc/ssh/ssh_host_ecdsa_key.
Reached target Remote File Systems.
[   12.891655] cloud-init[764]: Your public key has been saved in /etc/ssh/ssh_host_ecdsa_key.pub.
[[0;32m  OK  [0m[   12.917018] cloud-init[764]: The key fingerprint is:
[   12.917426] cloud-init[764]: SHA256:pEVSZLLxxbdlAMI2jPlAUHcPy7CbZnGyvwF9KN8QOe8 root@ubuntu-bionic
[   12.918336] cloud-init[764]: The key's randomart image is:
[   12.925862] cloud-init[764]: +---[ECDSA 256]---+
] Reached target Cloud-config availability.
[   12.926810] cloud-init[764]: |    .+*BO.=...   |
[[0;32m  OK  [0m] [   12.979775] cloud-init[764]: |      +X=B.=. o  |
Reached target System Initialization.[   12.981543] cloud-init[764]: |      .+B.B..+   |

[   12.982330] cloud-init[764]: |       +.O =.    |
[[   12.983370] cloud-init[764]: |      . S + o    |
[0;32m  OK  [0m[   12.984281] cloud-init[764]: |       o = =     |
] [   12.985306] cloud-init[764]: |          + E    |
Listening on Open-iSCSI iscsid Socket.[   12.986029] cloud-init[764]: |           o     |

[   12.987249] cloud-init[764]: |          .      |
[[0;32m  OK  [0m[   13.017359] cloud-init[764]: +----[SHA256]-----+
] Listening on ACPID Listen Socket.
[   13.018825] cloud-init[764]: Generating public/private ed25519 key pair.
[   13.039542] cloud-init[764]: Your identification has been saved in /etc/ssh/ssh_host_ed25519_key.
[[   13.046678] cloud-init[764]: Your public key has been saved in /etc/ssh/ssh_host_ed25519_key.pub.
[   13.046910] cloud-init[764]: The key fingerprint is:
[   13.047910] cloud-init[764]: SHA256:9PEmLEtIjM+wKVVdjVleFwDmr7MgDwhVQYPe99Qxk0Q root@ubuntu-bionic
[   13.049097] cloud-init[764]: The key's randomart image is:
[   13.049788] cloud-init[764]: +--[ED25519 256]--+
[   13.050726] cloud-init[764]: |      +*...B=E+.o|
[   13.050958] cloud-init[764]: |     =. o =..* . |
[   13.051305] cloud-init[764]: |    =.+ . ..o +  |
[0;32m  OK  [0m] Started Message of the Day.
[   13.051971] cloud-init[764]: |   ..O + + +..   |
[[   13.096506] cloud-init[764]: |  ..o + S * o.   |
[   13.096830] cloud-init[764]: |   .. .. o +.    |
[   13.097237] cloud-init[764]: |     . o.. o     |
[   13.097611] cloud-init[764]: |        + . o    |
[0;32m  OK  [0m] Started Discard unused blocks once a week.
[   13.098403] cloud-init[764]: |         . .     |
         Starting LXD - unix socket.
[[0;32m  OK  [0m] Started Daily Cleanup of Temporary Directories.
[   13.138978] cloud-init[764]: +----[SHA256]-----+
[[0;32m  OK  [0m] Started ACPI Events Check.
[[0;32m  OK  [0m] Started Daily apt download activities.
[[0;32m  OK  [0m] Listening on UUID daemon activation socket.
[[0;32m  OK  [0m] Listening on D-Bus System Message Bus Socket.
         Starting Socket activation for snappy daemon.
[[0;32m  OK  [0m] Started Daily apt upgrade and clean activities.
[[0;32m  OK  [0m] Reached target Paths.
[[0;32m  OK  [0m] Reached target Timers.
[[0;32m  OK  [0m] Started Availability of block devices.
[[0;32m  OK  [0m] Listening on LXD - unix socket.
[[0;32m  OK  [0m] Listening on Socket activation for snappy daemon.
[[0;32m  OK  [0m] Reached target Sockets.
[[0;32m  OK  [0m] Reached target Basic System.
[[0;32m  OK  [0m] Started Unattended Upgrades Shutdown.
[[0;32m  OK  [0m] Started D-Bus System Message Bus.
         Starting Dispatcher daemon for systemd-networkd...
[[0;32m  OK  [0m] Started FUSE filesystem for LXC.
         Starting LSB: automatic crash report generation...
         Starting LSB: Record successful boot for GRUB...
         Starting System Logging Service...
[[0;32m  OK  [0m] Started irqbalance daemon.
         Starting Login Service...
[[0;32m  OK  [0m] Started Deferred execution scheduler.
[[0;32m  OK  [0m] Started Regular background program processing daemon.
         Starting Pollinate to seed the pseudo random number generator...
         Starting Permit User Sessions...
         Starting Accounts Service...
         Starting Snappy daemon...
         Starting Virtualbox guest utils...
         Starting LXD - container startup/shutdown...
[[0;32m  OK  [0m] Started System Logging Service.
[[0;32m  OK  [0m] Started Dispatcher daemon for systemd-networkd.
[[0;32m  OK  [0m] Started Permit User Sessions.
[[0;32m  OK  [0m] Started Login Service.
         Starting Terminate Plymouth Boot Screen...
         Starting Hold until boot process finishes up...
[[0;32m  OK  [0m] Started Hold until boot process finishes up.
[[0;32m  OK  [0m] Started Terminate Plymouth Boot Screen.
         Starting Set console scheme...
[[0;32m  OK  [0m] Started Serial Getty on ttyS0.
[[0;32m  OK  [0m] Started Set console scheme.
[[0;32m  OK  [0m] Started LSB: automatic crash report generation.
[[0;32m  OK  [0m] Started LSB: Record successful boot for GRUB.
[[0;32m  OK  [0m] Created slice system-getty.slice.
[[0;32m  OK  [0m] Started Getty on tty1.
[[0;32m  OK  [0m] Reached target Login Prompts.
         Starting Authorization Manager...
[[0;32m  OK  [0m] Started Virtualbox guest utils.
[[0;32m  OK  [0m] Started LXD - container startup/shutdown.
[[0;32m  OK  [0m] Started Authorization Manager.
[[0;32m  OK  [0m] Started Accounts Service.
[[0;32m  OK  [0m] Started Snappy daemon.
         Starting Wait until snapd is fully seeded...

Ubuntu 18.04.1 LTS ubuntu-bionic ttyS0

ubuntu-bionic login: [   24.167637] cloud-init[1585]: Cloud-init v. 18.4-0ubuntu1~18.04.1 running 'modules:config' at Wed, 16 Jan 2019 17:49:48 +0000. Up 23.83 seconds.
ci-info: no authorized ssh keys fingerprints found for user ubuntu.
<14>Jan 16 17:49:48 ec2: 
<14>Jan 16 17:49:48 ec2: #############################################################
<14>Jan 16 17:49:48 ec2: -----BEGIN SSH HOST KEY FINGERPRINTS-----
<14>Jan 16 17:49:48 ec2: 1024 SHA256:SmVb6+O29kxj4198j389p1TvBwLKdWlMlWXYgKuLGA0 root@ubuntu-bionic (DSA)
<14>Jan 16 17:49:48 ec2: 256 SHA256:pEVSZLLxxbdlAMI2jPlAUHcPy7CbZnGyvwF9KN8QOe8 root@ubuntu-bionic (ECDSA)
<14>Jan 16 17:49:48 ec2: 256 SHA256:9PEmLEtIjM+wKVVdjVleFwDmr7MgDwhVQYPe99Qxk0Q root@ubuntu-bionic (ED25519)
<14>Jan 16 17:49:48 ec2: 2048 SHA256:AOfpu64kilLKSWEadmaWuGA+pw7ygex/loJGdBcOvqg root@ubuntu-bionic (RSA)
<14>Jan 16 17:49:48 ec2: -----END SSH HOST KEY FINGERPRINTS-----
<14>Jan 16 17:49:48 ec2: #############################################################
-----BEGIN SSH HOST KEY KEYS-----
ecdsa-sha2-nistp256 AAAAE2VjZHNhLXNoYTItbmlzdHAyNTYAAAAIbmlzdHAyNTYAAABBBP+8JVclUAb0POMpg5tvFkCb2spPqfDrMRVNFIz8sa9uqLDK6hBzVmINwymR3vrbIIGaY22GIPGc1sdW+L7t/Tc= root@ubuntu-bionic
ssh-ed25519 AAAAC3NzaC1lZDI1NTE5AAAAIFla/uTuvqWv84mJct7LbUbJzEuLgnIfXUNZHRh/G41J root@ubuntu-bionic
ssh-rsa AAAAB3NzaC1yc2EAAAADAQABAAABAQC7+0OvY6SDheBp5gNPxGx6k+xdMMQQAxNXxqL+Ds2j9Q9EfxJVVytqF3z6++QE2wy6WStu4dAphfC0xmkTy55vKI9s3PPXRx0gj1yFMuo0Tq0kil7mv3pQ6PoTyMMMsoKEggUsq38+AYOiINzQa6p0kNxN+QCVuuFqRFdmTvaRpj2wmvYlcAP6loRxapG2FHtmfL3dLYAKaz9FPSjmQfO2UdlICWWXQh+IGtZjm1gEaKXsAGnuNCJBZumYK0cZxol+I3tFClY9kJyCgNyZ/+Avyl91DhcB6L8iCdoq/agCYbaWGEsqPvrh0FTceVDqy4esrOsc2B4G6w0er8/dUwcH root@ubuntu-bionic
-----END SSH HOST KEY KEYS-----
[   24.733831] cloud-init[1665]: Cloud-init v. 18.4-0ubuntu1~18.04.1 running 'modules:final' at Wed, 16 Jan 2019 17:49:48 +0000. Up 24.56 seconds.
[   24.733969] cloud-init[1665]: ci-info: no authorized ssh keys fingerprints found for user ubuntu.
[   24.734040] cloud-init[1665]: Cloud-init v. 18.4-0ubuntu1~18.04.1 finished at Wed, 16 Jan 2019 17:49:49 +0000. Datasource DataSourceNoCloud [seed=/dev/sdb][dsmode=net].  Up 24.71 seconds
